(Loading C:\Strawberry\perl\site\lib\LaTeXML\Package\TeX.pool.ltxml...
(Loading C:\Strawberry\perl\site\lib\LaTeXML\Package\eTeX.pool.ltxml... 0.01 sec)
(Loading C:\Strawberry\perl\site\lib\LaTeXML\Package\pdfTeX.pool.ltxml... 0.01 sec) 0.28 sec)
latexmlc (LaTeXML version 0.8.8)
invoked as [C:\Strawberry\perl\site\bin/latexmlc D:\Math\11o paper(Cubic)\Cubic.tex --dest D:\GH\Cubic.html]
processing started Sat Jun 13 15:18:59 2026
(Digesting TeX Cubic...
(Processing content D:\Math\11o paper(Cubic)\Cubic.tex...
(Loading C:\Strawberry\perl\site\lib\LaTeXML\Package\LaTeX.pool.ltxml...
(Loading C:\Strawberry\perl\site\lib\LaTeXML\Package\textcomp.sty.ltxml...
(Processing definitions C:/Program Files/MiKTeX/tex/latex/base/ts1enc.dfu... 0.03 sec) 1.90 sec) 2.31 sec)
(Loading C:\Strawberry\perl\site\lib\LaTeXML\Package\article.cls.ltxml... 0.03 sec)
(Loading C:\Strawberry\perl\site\lib\LaTeXML\Package\xcolor.sty.ltxml...
(Loading C:\Strawberry\perl\site\lib\LaTeXML\Package\color.sty.ltxml... 0.02 sec)
(Processing definitions C:/Program Files/MiKTeX/tex/latex/graphics/dvipsnam.def... 0.13 sec) 1.07 sec)
(Loading C:\Strawberry\perl\site\lib\LaTeXML\Package\amsmath.sty.ltxml...
(Loading C:\Strawberry\perl\site\lib\LaTeXML\Package\amsbsy.sty.ltxml...
(Loading C:\Strawberry\perl\site\lib\LaTeXML\Package\amsgen.sty.ltxml... 0.01 sec) 0.02 sec)
(Loading C:\Strawberry\perl\site\lib\LaTeXML\Package\amstext.sty.ltxml... 0.01 sec)
(Loading C:\Strawberry\perl\site\lib\LaTeXML\Package\amsopn.sty.ltxml... 0.01 sec) 0.11 sec)
(Loading C:\Strawberry\perl\site\lib\LaTeXML\Package\setspace.sty.ltxml... 0.00 sec)
(Loading C:\Strawberry\perl\site\lib\LaTeXML\Package\bm.sty.ltxml... 0.00 sec)
(Loading C:\Strawberry\perl\site\lib\LaTeXML\Package\bbm.sty.ltxml... 0.00 sec)
(Loading C:\Strawberry\perl\site\lib\LaTeXML\Package\amssymb.sty.ltxml...
(Loading C:\Strawberry\perl\site\lib\LaTeXML\Package\amsfonts.sty.ltxml... 0.00 sec) 0.03 sec)
(Loading C:\Strawberry\perl\site\lib\LaTeXML\Package\indentfirst.sty.ltxml... 0.00 sec)
(Loading C:\Strawberry\perl\site\lib\LaTeXML\Package\cite.sty.ltxml... 0.00 sec)
(Loading C:\Strawberry\perl\site\lib\LaTeXML\Package\geometry.sty.ltxml...
(Loading C:\Strawberry\perl\site\lib\LaTeXML\Package\keyval.sty.ltxml...
(Processing definitions C:/Program Files/MiKTeX/tex/latex/graphics/keyval.sty... 0.01 sec) 0.53 sec)
(Loading C:\Strawberry\perl\site\lib\LaTeXML\Package\ifpdf.sty.ltxml... 0.00 sec)
(Loading C:\Strawberry\perl\site\lib\LaTeXML\Package\ifvtex.sty.ltxml...
(Loading C:\Strawberry\perl\site\lib\LaTeXML\Package\iftex.sty.ltxml... 0.00 sec) 0.01 sec)
(Loading C:\Strawberry\perl\site\lib\LaTeXML\Package\ifxetex.sty.ltxml... 0.00 sec) 0.58 sec)
(Loading C:\Strawberry\perl\site\lib\LaTeXML\Package\mathtools.sty.ltxml...
(Loading C:\Strawberry\perl\site\lib\LaTeXML\Package\calc.sty.ltxml... 0.00 sec) 0.06 sec)
(Loading C:\Strawberry\perl\site\lib\LaTeXML\Package\hyperref.sty.ltxml...
(Loading C:\Strawberry\perl\site\lib\LaTeXML\Package\ltxcmds.sty.ltxml...
(Processing definitions C:/Program Files/MiKTeX/tex/generic/ltxcmds/ltxcmds.sty... 0.16 sec) 0.69 sec)
(Loading C:\Strawberry\perl\site\lib\LaTeXML\Package\kvsetkeys.sty.ltxml...
(Processing definitions C:/Program Files/MiKTeX/tex/latex/kvsetkeys/kvsetkeys.sty... 0.09 sec) 0.75 sec)
(Loading C:\Strawberry\perl\site\lib\LaTeXML\Package\kvdefinekeys.sty.ltxml...
(Processing definitions C:/Users/JR Sousa/AppData/Roaming/MiKTeX/tex/generic/kvdefinekeys/kvdefinekeys.sty... 0.04 sec) 0.56 sec)
(Loading C:\Strawberry\perl\site\lib\LaTeXML\Package\kvoptions.sty.ltxml...
(Processing definitions C:/Program Files/MiKTeX/tex/latex/kvoptions/kvoptions.sty... 0.19 sec) 0.71 sec)
(Loading C:\Strawberry\perl\site\lib\LaTeXML\Package\nameref.sty.ltxml...
(Loading C:\Strawberry\perl\site\lib\LaTeXML\Package\refcount.sty.ltxml...
(Processing definitions C:/Program Files/MiKTeX/tex/latex/refcount/refcount.sty...
(Loading C:\Strawberry\perl\site\lib\LaTeXML\Package\infwarerr.sty.ltxml...
(Processing definitions C:/Program Files/MiKTeX/tex/generic/infwarerr/infwarerr.sty... 0.07 sec) 0.59 sec) 0.68 sec) 1.25 sec)
(Loading C:\Strawberry\perl\site\lib\LaTeXML\Package\gettitlestring.sty.ltxml...
(Processing definitions C:/Program Files/MiKTeX/tex/generic/gettitlestring/gettitlestring.sty... 1.16 sec) 1.68 sec) 2.98 sec)
(Loading C:\Strawberry\perl\site\lib\LaTeXML\Package\url.sty.ltxml... 0.02 sec)
(Loading C:\Strawberry\perl\site\lib\LaTeXML\Package\bitset.sty.ltxml...
(Processing definitions C:/Program Files/MiKTeX/tex/generic/bitset/bitset.sty...
(Loading C:\Strawberry\perl\site\lib\LaTeXML\Package\intcalc.sty.ltxml...
(Processing definitions C:/Program Files/MiKTeX/tex/generic/intcalc/intcalc.sty... 0.13 sec) 0.80 sec)
(Loading C:\Strawberry\perl\site\lib\LaTeXML\Package\bigintcalc.sty.ltxml...
(Processing definitions C:/Program Files/MiKTeX/tex/generic/bigintcalc/bigintcalc.sty...
(Loading C:\Strawberry\perl\site\lib\LaTeXML\Package\pdftexcmds.sty.ltxml... 0.02 sec) 0.25 sec) 0.86 sec) 2.02 sec) 2.57 sec) 8.41 sec)
(Loading C:\Strawberry\perl\site\lib\LaTeXML\Package\natbib.sty.ltxml... 0.03 sec)
(Loading C:\Strawberry\perl\site\lib\LaTeXML\Package\graphicx.sty.ltxml...
(Loading C:\Strawberry\perl\site\lib\LaTeXML\Package\graphics.sty.ltxml... 0.01 sec) 0.04 sec) 13.53 sec) 13.54 sec)
(Building...
(Loading compiled schema C:\Strawberry\perl\site\lib\LaTeXML\resources/RelaxNG\LaTeXML.model... 0.01 sec) 1.34 sec)
(Rewriting... 0.02 sec)
(Math Parsing 22 formulae ...... 1.38 sec)
Math parsing succeeded:
   ltx:XMWrap: 0/2
   ltx:XMath: 22/22
   ltx:XMArg: 59/59
Symbols assumed as simple identifiers (with # of occurences):
   'Delta' (8), 'a{italic}' (17), 'b{italic}' (13), 'c{italic}' (12), 'delta' (12), 'd{italic}' (7), 'm{italic}' (11), 'pi' (15), 'xi' (4), 'x{italic}' (5)
Set MATHPARSER_SPECULATE to speculate on possible notations.
(Finalizing... 0.13 sec)
Conversion complete: No obvious problems
(post-processing...
(Scan Cubic.html processing...
Scan: DBStatus: 86/0 objects
 0.04 sec)
(MakeBibliography Cubic.html processing... 0.00 sec)
(CrossRef Cubic.html processing... 0.03 sec)
(MathML::Presentation Cubic.html 22 to process...
converted 22 Maths
 0.25 sec)
(XSLT[using LaTeXML-html5.xsl] Cubic.html processing... 0.03 sec)
(Writer Cubic.html processing... 0.00 sec) 0.36 sec)
Post-processing complete: No obvious problems
processing finished Sat Jun 13 15:19:16 2026
Status:conversion:0
